[13:57:29] [Server thread/INFO]: Starting minecraft server version 1.11.2
[13:57:29] [Server console handler/ERROR]: Exception handling console input
java.io.IOException: The handle is invalid
	at java.io.FileInputStream.readBytes(Native Method) ~[?:1.8.0_111]
	at java.io.FileInputStream.read(Unknown Source) ~[?:1.8.0_111]
	at java.io.BufferedInputStream.read1(Unknown Source) ~[?:1.8.0_111]
	at java.io.BufferedInputStream.read(Unknown Source) ~[?:1.8.0_111]
	at sun.nio.cs.StreamDecoder.readBytes(Unknown Source) ~[?:1.8.0_111]
	at sun.nio.cs.StreamDecoder.implRead(Unknown Source) ~[?:1.8.0_111]
	at sun.nio.cs.StreamDecoder.read(Unknown Source) ~[?:1.8.0_111]
	at java.io.InputStreamReader.read(Unknown Source) ~[?:1.8.0_111]
	at java.io.BufferedReader.fill(Unknown Source) ~[?:1.8.0_111]
	at java.io.BufferedReader.readLine(Unknown Source) ~[?:1.8.0_111]
	at java.io.BufferedReader.readLine(Unknown Source) ~[?:1.8.0_111]
	at lh$2.run(SourceFile:95) [minecraft_server.1.11.2.jar:?]
[13:57:29] [Server thread/INFO]: Loading properties
[13:57:29] [Server thread/INFO]: Default game type: SURVIVAL
[13:57:29] [Server thread/INFO]: Generating keypair
[13:57:30] [Server thread/INFO]: Starting Minecraft server on *:25565
[13:57:30] [Server thread/INFO]: Using default channel type
[13:57:30] [Server thread/INFO]: Preparing level "world"
[13:57:31] [Server thread/INFO]: Preparing start region for level 0
[13:57:32] [Server thread/INFO]: Preparing spawn area: 0%
[13:57:33] [Server thread/INFO]: Preparing spawn area: 41%
[13:57:34] [Server thread/INFO]: Preparing spawn area: 74%
[13:57:34] [Server thread/INFO]: Done (4.030s)! For help, type "help" or "?"
