[10:39:30] [Server thread/INFO]: Starting minecraft server version 1.11.2
[10:39:30] [Server thread/INFO]: Loading properties
[10:39:30] [Server thread/INFO]: Default game type: SURVIVAL
[10:39:30] [Server thread/INFO]: Generating keypair
[10:39:30] [Server thread/INFO]: Starting Minecraft server on *:25565
[10:39:30] [Server thread/INFO]: Using default channel type
[10:39:30] [Server thread/WARN]: Failed to load user banlist: 
java.io.FileNotFoundException: banned-players.json (The system cannot find the file specified)
	at java.io.FileInputStream.open0(Native Method) ~[?:1.8.0_111]
	at java.io.FileInputStream.open(Unknown Source) ~[?:1.8.0_111]
	at java.io.FileInputStream.<init>(Unknown Source) ~[?:1.8.0_111]
	at com.google.common.io.Files.newReader(Files.java:86) ~[minecraft_server.1.11.2.jar:?]
	at mx.g(SourceFile:136) ~[minecraft_server.1.11.2.jar:?]
	at lg.z(SourceFile:99) [minecraft_server.1.11.2.jar:?]
	at lg.<init>(SourceFile:25) [minecraft_server.1.11.2.jar:?]
	at lh.j(SourceFile:186) [minecraft_server.1.11.2.jar:?]
	at net.minecraft.server.MinecraftServer.run(SourceFile:436) [minecraft_server.1.11.2.jar:?]
	at java.lang.Thread.run(Unknown Source) [?:1.8.0_111]
[10:39:30] [Server thread/WARN]: Failed to load ip banlist: 
java.io.FileNotFoundException: banned-ips.json (The system cannot find the file specified)
	at java.io.FileInputStream.open0(Native Method) ~[?:1.8.0_111]
	at java.io.FileInputStream.open(Unknown Source) ~[?:1.8.0_111]
	at java.io.FileInputStream.<init>(Unknown Source) ~[?:1.8.0_111]
	at com.google.common.io.Files.newReader(Files.java:86) ~[minecraft_server.1.11.2.jar:?]
	at mx.g(SourceFile:136) ~[minecraft_server.1.11.2.jar:?]
	at lg.y(SourceFile:91) [minecraft_server.1.11.2.jar:?]
	at lg.<init>(SourceFile:27) [minecraft_server.1.11.2.jar:?]
	at lh.j(SourceFile:186) [minecraft_server.1.11.2.jar:?]
	at net.minecraft.server.MinecraftServer.run(SourceFile:436) [minecraft_server.1.11.2.jar:?]
	at java.lang.Thread.run(Unknown Source) [?:1.8.0_111]
[10:39:30] [Server thread/WARN]: Failed to load operators list: 
java.io.FileNotFoundException: ops.json (The system cannot find the file specified)
	at java.io.FileInputStream.open0(Native Method) ~[?:1.8.0_111]
	at java.io.FileInputStream.open(Unknown Source) ~[?:1.8.0_111]
	at java.io.FileInputStream.<init>(Unknown Source) ~[?:1.8.0_111]
	at com.google.common.io.Files.newReader(Files.java:86) ~[minecraft_server.1.11.2.jar:?]
	at mx.g(SourceFile:136) ~[minecraft_server.1.11.2.jar:?]
	at lg.A(SourceFile:107) [minecraft_server.1.11.2.jar:?]
	at lg.<init>(SourceFile:29) [minecraft_server.1.11.2.jar:?]
	at lh.j(SourceFile:186) [minecraft_server.1.11.2.jar:?]
	at net.minecraft.server.MinecraftServer.run(SourceFile:436) [minecraft_server.1.11.2.jar:?]
	at java.lang.Thread.run(Unknown Source) [?:1.8.0_111]
[10:39:30] [Server thread/WARN]: Failed to load white-list: 
java.io.FileNotFoundException: whitelist.json (The system cannot find the file specified)
	at java.io.FileInputStream.open0(Native Method) ~[?:1.8.0_111]
	at java.io.FileInputStream.open(Unknown Source) ~[?:1.8.0_111]
	at java.io.FileInputStream.<init>(Unknown Source) ~[?:1.8.0_111]
	at com.google.common.io.Files.newReader(Files.java:86) ~[minecraft_server.1.11.2.jar:?]
	at mx.g(SourceFile:136) ~[minecraft_server.1.11.2.jar:?]
	at lg.C(SourceFile:123) [minecraft_server.1.11.2.jar:?]
	at lg.<init>(SourceFile:30) [minecraft_server.1.11.2.jar:?]
	at lh.j(SourceFile:186) [minecraft_server.1.11.2.jar:?]
	at net.minecraft.server.MinecraftServer.run(SourceFile:436) [minecraft_server.1.11.2.jar:?]
	at java.lang.Thread.run(Unknown Source) [?:1.8.0_111]
[10:39:30] [Server thread/INFO]: Preparing level "world"
[10:39:32] [Server thread/INFO]: Preparing start region for level 0
[10:39:33] [Server thread/INFO]: Preparing spawn area: 4%
[10:39:34] [Server thread/INFO]: Preparing spawn area: 8%
[10:39:35] [Server thread/INFO]: Preparing spawn area: 12%
[10:39:36] [Server thread/INFO]: Preparing spawn area: 16%
[10:39:37] [Server thread/INFO]: Preparing spawn area: 20%
[10:39:38] [Server thread/INFO]: Preparing spawn area: 24%
[10:39:39] [Server thread/INFO]: Preparing spawn area: 31%
[10:39:40] [Server thread/INFO]: Preparing spawn area: 38%
[10:39:41] [Server thread/INFO]: Preparing spawn area: 44%
[10:39:42] [Server thread/INFO]: Preparing spawn area: 50%
[10:39:43] [Server thread/INFO]: Preparing spawn area: 58%
[10:39:44] [Server thread/INFO]: Preparing spawn area: 66%
[10:39:45] [Server thread/INFO]: Preparing spawn area: 73%
[10:39:46] [Server thread/INFO]: Preparing spawn area: 79%
[10:39:47] [Server thread/INFO]: Preparing spawn area: 85%
[10:39:48] [Server thread/INFO]: Preparing spawn area: 90%
[10:39:49] [Server thread/INFO]: Preparing spawn area: 95%
[10:39:50] [Server thread/INFO]: Preparing spawn area: 99%
[10:39:50] [Server thread/INFO]: Done (20.228s)! For help, type "help" or "?"
[10:39:53] [Server thread/WARN]: Can't keep up! Did the system time change, or is the server overloaded? Running 2587ms behind, skipping 51 tick(s)
[10:47:41] [User Authenticator #1/INFO]: UUID of player EpicZeta is abebdc81-847c-4226-8808-e361f159899d
[10:47:41] [Server thread/INFO]: EpicZeta[/192.168.1.109:50866] logged in with entity id 1274 at (19.5, 75.0, 213.5)
[10:47:41] [Server thread/INFO]: EpicZeta joined the game
[10:48:01] [User Authenticator #2/INFO]: UUID of player MHDante is fdcbcf8f-9779-4e03-a71a-7a465cbc964f
[10:48:01] [Server thread/INFO]: MHDante[/127.0.0.1:51606] logged in with entity id 2791 at (30.5, 69.0, 212.5)
[10:48:01] [Server thread/INFO]: MHDante joined the game
[10:49:32] [Server thread/INFO]: MHDante has just earned the achievement [Taking Inventory]
[10:49:35] [Server thread/INFO]: EpicZeta has just earned the achievement [Taking Inventory]
[10:50:25] [Server thread/WARN]: Can't keep up! Did the system time change, or is the server overloaded? Running 2948ms behind, skipping 58 tick(s)
[10:50:41] [Server thread/WARN]: Can't keep up! Did the system time change, or is the server overloaded? Running 3467ms behind, skipping 69 tick(s)
[10:51:01] [Server thread/INFO]: EpicZeta has just earned the achievement [Getting Wood]
[10:51:02] [Server thread/WARN]: Can't keep up! Did the system time change, or is the server overloaded? Running 7744ms behind, skipping 154 tick(s)
[10:51:27] [Server thread/INFO]: Set the time to 0
[10:51:44] [Server thread/INFO]: EpicZeta was slain by Zombie
[10:51:46] [Server thread/INFO]: MHDante has just earned the achievement [Getting Wood]
[10:52:08] [Server thread/WARN]: Can't keep up! Did the system time change, or is the server overloaded? Running 2247ms behind, skipping 44 tick(s)
[10:52:36] [Server thread/WARN]: Can't keep up! Did the system time change, or is the server overloaded? Running 8953ms behind, skipping 179 tick(s)
[10:52:50] [Server thread/WARN]: Can't keep up! Did the system time change, or is the server overloaded? Running 3474ms behind, skipping 69 tick(s)
[10:58:13] [Server thread/INFO]: MHDante has just earned the achievement [Benchmarking]
[10:58:29] [Server thread/INFO]: EpicZeta has just earned the achievement [Benchmarking]
[11:02:01] [Server thread/INFO]: Set the time to 0
[11:11:54] [Server thread/INFO]: Set the time to 0
[11:21:44] [Server thread/INFO]: Set the time to 0
[11:31:34] [Server thread/INFO]: Set the time to 0
[11:41:37] [Server thread/INFO]: Set the time to 0
[11:51:35] [Server thread/INFO]: Set the time to 0
[11:58:10] [Server thread/INFO]: MHDante hit the ground too hard
[12:01:44] [Server thread/INFO]: Set the time to 0
[12:06:30] [Server thread/INFO]: MHDante has just earned the achievement [Time to Mine!]
[12:12:11] [Server thread/INFO]: Set the time to 0
[12:21:42] [Server thread/INFO]: Teleported EpicZeta to MHDante
[12:22:39] [Server thread/INFO]: Set the time to 0
[12:32:47] [Server thread/INFO]: Set the time to 0
[12:45:47] [Server thread/INFO]: EpicZeta has just earned the achievement [Time to Mine!]
[13:04:49] [Server thread/INFO]: EpicZeta has just earned the achievement [Hot Topic]
[13:10:50] [Server thread/INFO]: MHDante has just earned the achievement [Getting an Upgrade]
[13:39:10] [Server thread/INFO]: EpicZeta has just earned the achievement [Getting an Upgrade]
[13:39:42] [Server thread/INFO]: MHDante has just earned the achievement [Time to Strike!]
[13:40:16] [Server thread/INFO]: EpicZeta has just earned the achievement [Time to Strike!]
[13:41:50] [Server thread/INFO]: MHDante has just earned the achievement [Cow Tipper]
[13:59:43] [Server thread/INFO]: MHDante was slain by Spider
[14:00:04] [Server thread/INFO]: MHDante has just earned the achievement [Monster Hunter]
[14:01:23] [Server thread/INFO]: MHDante lost connection: TextComponent{text='Disconnected', siblings=[], style=Style{hasParent=false, color=null, bold=null, italic=null, underlined=null, obfuscated=null, clickEvent=null, hoverEvent=null, insertion=null}}
[14:01:23] [Server thread/INFO]: MHDante left the game
[14:01:52] [Server thread/INFO]: EpicZeta lost connection: TextComponent{text='Disconnected', siblings=[], style=Style{hasParent=false, color=null, bold=null, italic=null, underlined=null, obfuscated=null, clickEvent=null, hoverEvent=null, insertion=null}}
[14:01:52] [Server thread/INFO]: EpicZeta left the game
[14:04:55] [Server thread/INFO]: Stopping server
[14:04:55] [Server thread/INFO]: Saving players
[14:04:55] [Server thread/INFO]: Saving worlds
[14:04:55] [Server thread/INFO]: Saving chunks for level 'world'/Overworld
[14:04:55] [Server thread/INFO]: Saving chunks for level 'world'/Nether
[14:04:55] [Server thread/INFO]: Saving chunks for level 'world'/The End
[14:04:55] [Server Shutdown Thread/INFO]: Stopping server
